<component name="libraryTable">
  <library name="junit">
    <CLASSES>
      <root url="jar://$PROJECT_DIR$/../junit4.jar!/junit" />
    </CLASSES>
    <JAVADOC />
    <SOURCES />
  </library>
</component>